build/app/intermediates/manifest_merge_blame_file/debug/manifest-merger-blame-debug-report.txt
1<?xml version="1.0" encoding="utf-8"?>
2<manifest xmlns:android="http://schemas.android.com/apk/res/android"
3    package="eshop.seller.multivendor"
4    android:versionCode="7"
5    android:versionName="1.0.1" >
6
7    <uses-sdk
8        android:minSdkVersion="21"
9        android:targetSdkVersion="33" />
10    <!--
11         Flutter needs it to communicate with the running application
12         to allow setting breakpoints, to provide hot reload, etc.
13    -->
14    <uses-permission android:name="android.permission.INTERNET" />
14-->src/main/AndroidManifest.xml:9:5-67
14-->src/main/AndroidManifest.xml:9:22-64
15
16    <queries>
16-->src/main/AndroidManifest.xml:3:2-8:13
17        <intent>
17-->src/main/AndroidManifest.xml:4:5-7:14
18            <action android:name="android.intent.action.SENDTO" />
18-->src/main/AndroidManifest.xml:5:7-61
18-->src/main/AndroidManifest.xml:5:15-58
19
20            <data android:scheme="mailto" />
20-->src/main/AndroidManifest.xml:6:7-39
20-->src/main/AndroidManifest.xml:6:13-36
21        </intent>
22        <intent>
22-->[:file_picker] AndroidManifest.xml:10:9-14:18
23            <action android:name="android.intent.action.GET_CONTENT" />
23-->[:file_picker] AndroidManifest.xml:11:13-72
23-->[:file_picker] AndroidManifest.xml:11:21-69
24
25            <data android:mimeType="*/*" />
25-->src/main/AndroidManifest.xml:6:7-39
26        </intent>
27        <intent>
27-->[:flutter_inappwebview] AndroidManifest.xml:8:9-10:18
28            <action android:name="android.support.customtabs.action.CustomTabsService" />
28-->[:flutter_inappwebview] AndroidManifest.xml:9:13-90
28-->[:flutter_inappwebview] AndroidManifest.xml:9:21-87
29        </intent> <!-- Needs to be explicitly declared on Android R+ -->
30        <package android:name="com.google.android.apps.maps" />
30-->[com.google.android.gms:play-services-maps:18.1.0] AndroidManifest.xml:33:9-64
30-->[com.google.android.gms:play-services-maps:18.1.0] AndroidManifest.xml:33:18-61
31
32        <intent>
32-->[androidx.media2:media2-session:1.2.0] AndroidManifest.xml:25:9-27:18
33            <action android:name="android.media.browse.MediaBrowserService" />
33-->[androidx.media2:media2-session:1.2.0] AndroidManifest.xml:26:13-79
33-->[androidx.media2:media2-session:1.2.0] AndroidManifest.xml:26:21-76
34        </intent>
35        <intent>
35-->[androidx.media2:media2-session:1.2.0] AndroidManifest.xml:28:9-30:18
36            <action android:name="androidx.media2.session.MediaSessionService" />
36-->[androidx.media2:media2-session:1.2.0] AndroidManifest.xml:29:13-82
36-->[androidx.media2:media2-session:1.2.0] AndroidManifest.xml:29:21-79
37        </intent>
38        <intent>
38-->[androidx.media2:media2-session:1.2.0] AndroidManifest.xml:31:9-33:18
39            <action android:name="androidx.media2.session.MediaLibraryService" />
39-->[androidx.media2:media2-session:1.2.0] AndroidManifest.xml:32:13-82
39-->[androidx.media2:media2-session:1.2.0] AndroidManifest.xml:32:21-79
40        </intent>
41    </queries>
42
43    <uses-permission android:name="android.permission.ACCESS_FINE_LOCATION" />
43-->src/main/AndroidManifest.xml:10:5-78
43-->src/main/AndroidManifest.xml:10:22-76
44    <uses-permission android:name="android.permission.ACCESS_COARSE_LOCATION" />
44-->src/main/AndroidManifest.xml:11:5-80
44-->src/main/AndroidManifest.xml:11:22-78
45    <uses-permission android:name="android.permission.WAKE_LOCK" />
45-->[:firebase_messaging] AndroidManifest.xml:8:5-68
45-->[:firebase_messaging] AndroidManifest.xml:8:22-65
46    <uses-permission android:name="android.permission.ACCESS_NETWORK_STATE" /> <!-- Permissions options for the `notification` group -->
46-->[:firebase_messaging] AndroidManifest.xml:9:5-79
46-->[:firebase_messaging] AndroidManifest.xml:9:22-76
47    <uses-permission android:name="android.permission.POST_NOTIFICATIONS" />
47-->[:firebase_messaging] AndroidManifest.xml:11:5-77
47-->[:firebase_messaging] AndroidManifest.xml:11:22-74
48    <uses-permission android:name="android.permission.FOREGROUND_SERVICE" />
48-->[:geolocator_android] AndroidManifest.xml:7:5-77
48-->[:geolocator_android] AndroidManifest.xml:7:22-74
49    <uses-permission android:name="android.permission.RECEIVE_BOOT_COMPLETED" />
49-->[:flutter_local_notifications] AndroidManifest.xml:7:5-81
49-->[:flutter_local_notifications] AndroidManifest.xml:7:22-78
50    <uses-permission android:name="android.permission.VIBRATE" />
50-->[:flutter_local_notifications] AndroidManifest.xml:8:5-66
50-->[:flutter_local_notifications] AndroidManifest.xml:8:22-63
51    <uses-permission android:name="android.permission.USE_FULL_SCREEN_INTENT" />
51-->[:flutter_local_notifications] AndroidManifest.xml:9:5-81
51-->[:flutter_local_notifications] AndroidManifest.xml:9:22-78
52    <uses-permission android:name="android.permission.SCHEDULE_EXACT_ALARM" />
52-->[:flutter_local_notifications] AndroidManifest.xml:10:5-79
52-->[:flutter_local_notifications] AndroidManifest.xml:10:22-76
53    <uses-permission android:name="android.permission.READ_EXTERNAL_STORAGE" />
53-->[:file_picker] AndroidManifest.xml:7:5-80
53-->[:file_picker] AndroidManifest.xml:7:22-77
54
55    <uses-feature
55-->[com.google.android.gms:play-services-maps:18.1.0] AndroidManifest.xml:26:5-28:35
56        android:glEsVersion="0x00020000"
56-->[com.google.android.gms:play-services-maps:18.1.0] AndroidManifest.xml:27:9-41
57        android:required="true" /> <!-- Required by older versions of Google Play services to create IID tokens -->
57-->[com.google.android.gms:play-services-maps:18.1.0] AndroidManifest.xml:28:9-32
58    <uses-permission android:name="com.google.android.c2dm.permission.RECEIVE" />
58-->[com.google.firebase:firebase-iid:21.1.0] AndroidManifest.xml:26:5-82
58-->[com.google.firebase:firebase-iid:21.1.0] AndroidManifest.xml:26:22-79
59    <uses-permission android:name="com.google.android.gms.permission.AD_ID" />
59-->[com.google.android.gms:play-services-measurement-api:21.2.0] AndroidManifest.xml:25:5-79
59-->[com.google.android.gms:play-services-measurement-api:21.2.0] AndroidManifest.xml:25:22-76
60    <uses-permission android:name="com.google.android.finsky.permission.BIND_GET_INSTALL_REFERRER_SERVICE" />
60-->[com.google.android.gms:play-services-measurement:21.2.0] AndroidManifest.xml:26:5-110
60-->[com.google.android.gms:play-services-measurement:21.2.0] AndroidManifest.xml:26:22-107
61
62    <permission
62-->[androidx.core:core:1.9.0] AndroidManifest.xml:22:5-24:47
63        android:name="eshop.seller.multivendor.DYNAMIC_RECEIVER_NOT_EXPORTED_PERMISSION"
63-->[androidx.core:core:1.9.0] AndroidManifest.xml:23:9-81
64        android:protectionLevel="signature" />
64-->[androidx.core:core:1.9.0] AndroidManifest.xml:24:9-44
65
66    <uses-permission android:name="eshop.seller.multivendor.DYNAMIC_RECEIVER_NOT_EXPORTED_PERMISSION" />
66-->[androidx.core:core:1.9.0] AndroidManifest.xml:26:5-97
66-->[androidx.core:core:1.9.0] AndroidManifest.xml:26:22-94
67
68    <application
68-->src/main/AndroidManifest.xml:12:5-59:19
69        android:appComponentFactory="androidx.core.app.CoreComponentFactory"
69-->[androidx.core:core:1.9.0] AndroidManifest.xml:28:18-86
70        android:debuggable="true"
71        android:icon="@mipmap/ic_launcher"
71-->src/main/AndroidManifest.xml:13:9-43
72        android:label="Target Seller"
72-->src/main/AndroidManifest.xml:14:9-38
73        android:usesCleartextTraffic="true" >
73-->src/main/AndroidManifest.xml:15:9-44
74        <activity
74-->src/main/AndroidManifest.xml:17:10-44:20
75            android:name="wrteam.seller.multivendor.MainActivity"
75-->src/main/AndroidManifest.xml:18:13-41
76            android:configChanges="orientation|keyboardHidden|keyboard|screenSize|smallestScreenSize|locale|layoutDirection|fontScale|screenLayout|density|uiMode"
76-->src/main/AndroidManifest.xml:22:13-163
77            android:exported="true"
77-->src/main/AndroidManifest.xml:19:13-36
78            android:hardwareAccelerated="true"
78-->src/main/AndroidManifest.xml:23:13-47
79            android:launchMode="singleTop"
79-->src/main/AndroidManifest.xml:20:13-43
80            android:theme="@style/LaunchTheme"
80-->src/main/AndroidManifest.xml:21:13-47
81            android:windowSoftInputMode="adjustResize" >
81-->src/main/AndroidManifest.xml:24:13-55
82
83            <!--
84                 Specifies an Android theme to apply to this Activity as soon as
85                 the Android process has started. This theme is visible to the user
86                 while the Flutter UI initializes. After that, this theme continues
87                 to determine the Window background behind the Flutter UI.
88            -->
89            <meta-data
89-->src/main/AndroidManifest.xml:29:13-31:66
90                android:name="io.flutter.embedding.android.SplashScreenDrawable"
90-->src/main/AndroidManifest.xml:30:17-81
91                android:resource="@drawable/launch_background" />
91-->src/main/AndroidManifest.xml:31:17-63
92            <meta-data
92-->src/main/AndroidManifest.xml:32:17-34:61
93                android:name="com.google.firebase.messaging.default_notification_icon"
93-->src/main/AndroidManifest.xml:33:19-89
94                android:resource="@drawable/ic_launcher" />
94-->src/main/AndroidManifest.xml:34:18-58
95              />
96            <intent-filter>
96-->src/main/AndroidManifest.xml:36:13-39:29
97                <action android:name="android.intent.action.MAIN" />
97-->src/main/AndroidManifest.xml:37:17-68
97-->src/main/AndroidManifest.xml:37:25-66
98
99                <category android:name="android.intent.category.LAUNCHER" />
99-->src/main/AndroidManifest.xml:38:17-76
99-->src/main/AndroidManifest.xml:38:27-74
100            </intent-filter>
101            <intent-filter>
101-->src/main/AndroidManifest.xml:40:13-43:29
102                <action android:name="FLUTTER_NOTIFICATION_CLICK" />
102-->src/main/AndroidManifest.xml:41:17-68
102-->src/main/AndroidManifest.xml:41:25-66
103
104                <category android:name="android.intent.category.DEFAULT" />
104-->src/main/AndroidManifest.xml:42:17-75
104-->src/main/AndroidManifest.xml:42:27-73
105            </intent-filter>
106        </activity>
107
108        <meta-data
108-->src/main/AndroidManifest.xml:45:9-46:70
109            android:name="com.google.android.geo.API_KEY"
109-->src/main/AndroidManifest.xml:45:20-65
110            android:value="AIzaSyDDs2dRc5fGYwvyf6OkXQHSyqEgzWeHbrQ" />
110-->src/main/AndroidManifest.xml:46:13-68
111
112        <!--
113             Don't delete the meta-data below.
114             This is used by the Flutter tool to generate GeneratedPluginRegistrant.java
115        -->
116        <meta-data
116-->src/main/AndroidManifest.xml:50:9-52:55
117            android:name="vn.hunghd.flutterdownloader.NOTIFICATION_ICON"
117-->src/main/AndroidManifest.xml:51:13-73
118            android:resource="@drawable/ic_launcher" />
118-->src/main/AndroidManifest.xml:52:13-53
119        <meta-data
119-->src/main/AndroidManifest.xml:32:17-34:61
120            android:name="com.google.firebase.messaging.default_notification_icon"
120-->src/main/AndroidManifest.xml:33:19-89
121            android:resource="@drawable/ic_launcher" />
121-->src/main/AndroidManifest.xml:34:18-58
122        <meta-data
122-->src/main/AndroidManifest.xml:56:9-58:33
123            android:name="flutterEmbedding"
123-->src/main/AndroidManifest.xml:57:13-44
124            android:value="2" />
124-->src/main/AndroidManifest.xml:58:13-30
125
126        <service
126-->[:firebase_messaging] AndroidManifest.xml:14:9-17:72
127            android:name="io.flutter.plugins.firebase.messaging.FlutterFirebaseMessagingBackgroundService"
127-->[:firebase_messaging] AndroidManifest.xml:15:13-107
128            android:exported="false"
128-->[:firebase_messaging] AndroidManifest.xml:16:13-37
129            android:permission="android.permission.BIND_JOB_SERVICE" />
129-->[:firebase_messaging] AndroidManifest.xml:17:13-69
130        <service
130-->[:firebase_messaging] AndroidManifest.xml:18:9-24:19
131            android:name="io.flutter.plugins.firebase.messaging.FlutterFirebaseMessagingService"
131-->[:firebase_messaging] AndroidManifest.xml:19:13-97
132            android:exported="false" >
132-->[:firebase_messaging] AndroidManifest.xml:20:13-37
133            <intent-filter>
133-->[:firebase_messaging] AndroidManifest.xml:21:13-23:29
134                <action android:name="com.google.firebase.MESSAGING_EVENT" />
134-->[:firebase_messaging] AndroidManifest.xml:22:17-78
134-->[:firebase_messaging] AndroidManifest.xml:22:25-75
135            </intent-filter>
136        </service>
137
138        <receiver
138-->[:firebase_messaging] AndroidManifest.xml:26:9-33:20
139            android:name="io.flutter.plugins.firebase.messaging.FlutterFirebaseMessagingReceiver"
139-->[:firebase_messaging] AndroidManifest.xml:27:13-98
140            android:exported="true"
140-->[:firebase_messaging] AndroidManifest.xml:28:13-36
141            android:permission="com.google.android.c2dm.permission.SEND" >
141-->[:firebase_messaging] AndroidManifest.xml:29:13-73
142            <intent-filter>
142-->[:firebase_messaging] AndroidManifest.xml:30:13-32:29
143                <action android:name="com.google.android.c2dm.intent.RECEIVE" />
143-->[:firebase_messaging] AndroidManifest.xml:31:17-81
143-->[:firebase_messaging] AndroidManifest.xml:31:25-78
144            </intent-filter>
145        </receiver>
146
147        <service
147-->[:firebase_messaging] AndroidManifest.xml:35:9-39:19
148            android:name="com.google.firebase.components.ComponentDiscoveryService"
148-->[:firebase_messaging] AndroidManifest.xml:35:18-89
149            android:directBootAware="true"
149-->[com.google.firebase:firebase-common:20.3.0] AndroidManifest.xml:34:13-43
150            android:exported="false" >
150-->[com.google.firebase:firebase-analytics-ktx:21.2.0] AndroidManifest.xml:10:13-37
151            <meta-data
151-->[:firebase_messaging] AndroidManifest.xml:36:13-38:85
152                android:name="com.google.firebase.components:io.flutter.plugins.firebase.messaging.FlutterFirebaseAppRegistrar"
152-->[:firebase_messaging] AndroidManifest.xml:37:17-128
153                android:value="com.google.firebase.components.ComponentRegistrar" />
153-->[:firebase_messaging] AndroidManifest.xml:38:17-82
154            <meta-data
154-->[:firebase_auth] AndroidManifest.xml:9:13-11:85
155                android:name="com.google.firebase.components:io.flutter.plugins.firebase.auth.FlutterFirebaseAuthRegistrar"
155-->[:firebase_auth] AndroidManifest.xml:10:17-124
156                android:value="com.google.firebase.components.ComponentRegistrar" />
156-->[:firebase_auth] AndroidManifest.xml:11:17-82
157            <meta-data
157-->[:firebase_core] AndroidManifest.xml:9:13-11:85
158                android:name="com.google.firebase.components:io.flutter.plugins.firebase.core.FlutterFirebaseCoreRegistrar"
158-->[:firebase_core] AndroidManifest.xml:10:17-124
159                android:value="com.google.firebase.components.ComponentRegistrar" />
159-->[:firebase_core] AndroidManifest.xml:11:17-82
160            <meta-data
160-->[com.google.firebase:firebase-analytics-ktx:21.2.0] AndroidManifest.xml:11:13-13:85
161                android:name="com.google.firebase.components:com.google.firebase.analytics.ktx.FirebaseAnalyticsKtxRegistrar"
161-->[com.google.firebase:firebase-analytics-ktx:21.2.0] AndroidManifest.xml:12:17-126
162                android:value="com.google.firebase.components.ComponentRegistrar" />
162-->[com.google.firebase:firebase-analytics-ktx:21.2.0] AndroidManifest.xml:13:17-82
163            <meta-data
163-->[com.google.firebase:firebase-common-ktx:20.3.0] AndroidManifest.xml:14:13-16:85
164                android:name="com.google.firebase.components:com.google.firebase.ktx.FirebaseCommonKtxRegistrar"
164-->[com.google.firebase:firebase-common-ktx:20.3.0] AndroidManifest.xml:15:17-113
165                android:value="com.google.firebase.components.ComponentRegistrar" />
165-->[com.google.firebase:firebase-common-ktx:20.3.0] AndroidManifest.xml:16:17-82
166            <meta-data
166-->[com.google.firebase:firebase-auth:21.1.0] AndroidManifest.xml:67:13-69:85
167                android:name="com.google.firebase.components:com.google.firebase.auth.FirebaseAuthRegistrar"
167-->[com.google.firebase:firebase-auth:21.1.0] AndroidManifest.xml:68:17-109
168                android:value="com.google.firebase.components.ComponentRegistrar" />
168-->[com.google.firebase:firebase-auth:21.1.0] AndroidManifest.xml:69:17-82
169            <meta-data
169-->[com.google.firebase:firebase-iid:21.1.0] AndroidManifest.xml:32:13-34:85
170                android:name="com.google.firebase.components:com.google.firebase.iid.Registrar"
170-->[com.google.firebase:firebase-iid:21.1.0] AndroidManifest.xml:33:17-96
171                android:value="com.google.firebase.components.ComponentRegistrar" />
171-->[com.google.firebase:firebase-iid:21.1.0] AndroidManifest.xml:34:17-82
172            <meta-data
172-->[com.google.firebase:firebase-messaging:23.1.1] AndroidManifest.xml:55:13-57:85
173                android:name="com.google.firebase.components:com.google.firebase.messaging.FirebaseMessagingRegistrar"
173-->[com.google.firebase:firebase-messaging:23.1.1] AndroidManifest.xml:56:17-119
174                android:value="com.google.firebase.components.ComponentRegistrar" />
174-->[com.google.firebase:firebase-messaging:23.1.1] AndroidManifest.xml:57:17-82
175            <meta-data
175-->[com.google.android.gms:play-services-measurement-api:21.2.0] AndroidManifest.xml:31:13-33:85
176                android:name="com.google.firebase.components:com.google.firebase.analytics.connector.internal.AnalyticsConnectorRegistrar"
176-->[com.google.android.gms:play-services-measurement-api:21.2.0] AndroidManifest.xml:32:17-139
177                android:value="com.google.firebase.components.ComponentRegistrar" />
177-->[com.google.android.gms:play-services-measurement-api:21.2.0] AndroidManifest.xml:33:17-82
178            <meta-data
178-->[com.google.firebase:firebase-installations:17.1.2] AndroidManifest.xml:17:13-19:85
179                android:name="com.google.firebase.components:com.google.firebase.installations.FirebaseInstallationsRegistrar"
179-->[com.google.firebase:firebase-installations:17.1.2] AndroidManifest.xml:18:17-127
180                android:value="com.google.firebase.components.ComponentRegistrar" />
180-->[com.google.firebase:firebase-installations:17.1.2] AndroidManifest.xml:19:17-82
181            <meta-data
181-->[com.google.firebase:firebase-datatransport:18.1.7] AndroidManifest.xml:27:13-29:85
182                android:name="com.google.firebase.components:com.google.firebase.datatransport.TransportRegistrar"
182-->[com.google.firebase:firebase-datatransport:18.1.7] AndroidManifest.xml:28:17-115
183                android:value="com.google.firebase.components.ComponentRegistrar" />
183-->[com.google.firebase:firebase-datatransport:18.1.7] AndroidManifest.xml:29:17-82
184        </service>
185
186        <provider
186-->[:firebase_messaging] AndroidManifest.xml:41:9-45:38
187            android:name="io.flutter.plugins.firebase.messaging.FlutterFirebaseMessagingInitProvider"
187-->[:firebase_messaging] AndroidManifest.xml:42:13-102
188            android:authorities="eshop.seller.multivendor.flutterfirebasemessaginginitprovider"
188-->[:firebase_messaging] AndroidManifest.xml:43:13-88
189            android:exported="false"
189-->[:firebase_messaging] AndroidManifest.xml:44:13-37
190            android:initOrder="99" />
190-->[:firebase_messaging] AndroidManifest.xml:45:13-35
191
192        <service
192-->[:geolocator_android] AndroidManifest.xml:10:9-14:56
193            android:name="com.baseflow.geolocator.GeolocatorLocationService"
193-->[:geolocator_android] AndroidManifest.xml:11:13-77
194            android:enabled="true"
194-->[:geolocator_android] AndroidManifest.xml:12:13-35
195            android:exported="false"
195-->[:geolocator_android] AndroidManifest.xml:13:13-37
196            android:foregroundServiceType="location" />
196-->[:geolocator_android] AndroidManifest.xml:14:13-53
197
198        <receiver
198-->[:flutter_local_notifications] AndroidManifest.xml:14:9-16:40
199            android:name="com.dexterous.flutterlocalnotifications.ActionBroadcastReceiver"
199-->[:flutter_local_notifications] AndroidManifest.xml:15:13-91
200            android:exported="false" />
200-->[:flutter_local_notifications] AndroidManifest.xml:16:13-37
201        <receiver
201-->[:flutter_local_notifications] AndroidManifest.xml:17:9-19:40
202            android:name="com.dexterous.flutterlocalnotifications.ScheduledNotificationReceiver"
202-->[:flutter_local_notifications] AndroidManifest.xml:18:13-97
203            android:exported="false" />
203-->[:flutter_local_notifications] AndroidManifest.xml:19:13-37
204        <receiver
204-->[:flutter_local_notifications] AndroidManifest.xml:20:9-29:20
205            android:name="com.dexterous.flutterlocalnotifications.ScheduledNotificationBootReceiver"
205-->[:flutter_local_notifications] AndroidManifest.xml:21:13-101
206            android:exported="false" >
206-->[:flutter_local_notifications] AndroidManifest.xml:22:13-37
207            <intent-filter>
207-->[:flutter_local_notifications] AndroidManifest.xml:23:13-28:29
208                <action android:name="android.intent.action.BOOT_COMPLETED" />
208-->[:flutter_local_notifications] AndroidManifest.xml:24:17-79
208-->[:flutter_local_notifications] AndroidManifest.xml:24:25-76
209                <action android:name="android.intent.action.MY_PACKAGE_REPLACED" />
209-->[:flutter_local_notifications] AndroidManifest.xml:25:17-84
209-->[:flutter_local_notifications] AndroidManifest.xml:25:25-81
210                <action android:name="android.intent.action.QUICKBOOT_POWERON" />
210-->[:flutter_local_notifications] AndroidManifest.xml:26:17-82
210-->[:flutter_local_notifications] AndroidManifest.xml:26:25-79
211                <action android:name="com.htc.intent.action.QUICKBOOT_POWERON" />
211-->[:flutter_local_notifications] AndroidManifest.xml:27:17-82
211-->[:flutter_local_notifications] AndroidManifest.xml:27:25-79
212            </intent-filter>
213        </receiver>
214
215        <activity
215-->[:flutter_inappwebview] AndroidManifest.xml:14:9-18:47
216            android:name="com.pichillilorenzo.flutter_inappwebview.in_app_browser.InAppBrowserActivity"
216-->[:flutter_inappwebview] AndroidManifest.xml:15:13-104
217            android:configChanges="orientation|keyboardHidden|keyboard|screenSize|locale|layoutDirection|fontScale|screenLayout|density"
217-->[:flutter_inappwebview] AndroidManifest.xml:16:13-137
218            android:exported="false"
218-->[:flutter_inappwebview] AndroidManifest.xml:17:13-37
219            android:theme="@style/AppTheme" />
219-->[:flutter_inappwebview] AndroidManifest.xml:18:13-44
220        <activity
220-->[:flutter_inappwebview] AndroidManifest.xml:19:9-22:55
221            android:name="com.pichillilorenzo.flutter_inappwebview.chrome_custom_tabs.ChromeCustomTabsActivity"
221-->[:flutter_inappwebview] AndroidManifest.xml:20:13-112
222            android:exported="false"
222-->[:flutter_inappwebview] AndroidManifest.xml:21:13-37
223            android:theme="@style/ThemeTransparent" />
223-->[:flutter_inappwebview] AndroidManifest.xml:22:13-52
224        <activity
224-->[:flutter_inappwebview] AndroidManifest.xml:23:9-26:55
225            android:name="com.pichillilorenzo.flutter_inappwebview.chrome_custom_tabs.TrustedWebActivity"
225-->[:flutter_inappwebview] AndroidManifest.xml:24:13-106
226            android:exported="false"
226-->[:flutter_inappwebview] AndroidManifest.xml:25:13-37
227            android:theme="@style/ThemeTransparent" />
227-->[:flutter_inappwebview] AndroidManifest.xml:26:13-52
228        <activity
228-->[:flutter_inappwebview] AndroidManifest.xml:27:9-31:55
229            android:name="com.pichillilorenzo.flutter_inappwebview.chrome_custom_tabs.ChromeCustomTabsActivitySingleInstance"
229-->[:flutter_inappwebview] AndroidManifest.xml:28:13-126
230            android:exported="false"
230-->[:flutter_inappwebview] AndroidManifest.xml:29:13-37
231            android:launchMode="singleInstance"
231-->[:flutter_inappwebview] AndroidManifest.xml:30:13-48
232            android:theme="@style/ThemeTransparent" />
232-->[:flutter_inappwebview] AndroidManifest.xml:31:13-52
233        <activity
233-->[:flutter_inappwebview] AndroidManifest.xml:32:9-36:55
234            android:name="com.pichillilorenzo.flutter_inappwebview.chrome_custom_tabs.TrustedWebActivitySingleInstance"
234-->[:flutter_inappwebview] AndroidManifest.xml:33:13-120
235            android:exported="false"
235-->[:flutter_inappwebview] AndroidManifest.xml:34:13-37
236            android:launchMode="singleInstance"
236-->[:flutter_inappwebview] AndroidManifest.xml:35:13-48
237            android:theme="@style/ThemeTransparent" />
237-->[:flutter_inappwebview] AndroidManifest.xml:36:13-52
238
239        <receiver
239-->[:flutter_inappwebview] AndroidManifest.xml:38:9-41:40
240            android:name="com.pichillilorenzo.flutter_inappwebview.chrome_custom_tabs.ActionBroadcastReceiver"
240-->[:flutter_inappwebview] AndroidManifest.xml:39:13-111
241            android:enabled="true"
241-->[:flutter_inappwebview] AndroidManifest.xml:40:13-35
242            android:exported="false" />
242-->[:flutter_inappwebview] AndroidManifest.xml:41:13-37
243
244        <meta-data
244-->[:flutter_inappwebview] AndroidManifest.xml:43:9-45:36
245            android:name="io.flutter.embedded_views_preview"
245-->[:flutter_inappwebview] AndroidManifest.xml:44:13-61
246            android:value="true" />
246-->[:flutter_inappwebview] AndroidManifest.xml:45:13-33
247
248        <provider
248-->[:image_picker_android] AndroidManifest.xml:8:9-16:20
249            android:name="io.flutter.plugins.imagepicker.ImagePickerFileProvider"
249-->[:image_picker_android] AndroidManifest.xml:9:13-82
250            android:authorities="eshop.seller.multivendor.flutter.image_provider"
250-->[:image_picker_android] AndroidManifest.xml:10:13-74
251            android:exported="false"
251-->[:image_picker_android] AndroidManifest.xml:11:13-37
252            android:grantUriPermissions="true" >
252-->[:image_picker_android] AndroidManifest.xml:12:13-47
253            <meta-data
253-->[:image_picker_android] AndroidManifest.xml:13:13-15:75
254                android:name="android.support.FILE_PROVIDER_PATHS"
254-->[:image_picker_android] AndroidManifest.xml:14:17-67
255                android:resource="@xml/flutter_image_picker_file_paths" />
255-->[:image_picker_android] AndroidManifest.xml:15:17-72
256        </provider>
257        <provider
257-->[:flutter_email_sender] AndroidManifest.xml:8:9-16:20
258            android:name="com.sidlatau.flutteremailsender.FlutterEmailSenderFileProvider"
258-->[:flutter_email_sender] AndroidManifest.xml:9:13-90
259            android:authorities="eshop.seller.multivendor.file_provider"
259-->[:flutter_email_sender] AndroidManifest.xml:10:13-65
260            android:exported="false"
260-->[:flutter_email_sender] AndroidManifest.xml:11:13-37
261            android:grantUriPermissions="true" >
261-->[:flutter_email_sender] AndroidManifest.xml:12:13-47
262            <meta-data
262-->[:image_picker_android] AndroidManifest.xml:13:13-15:75
263                android:name="android.support.FILE_PROVIDER_PATHS"
263-->[:image_picker_android] AndroidManifest.xml:14:17-67
264                android:resource="@xml/shared_file_paths" />
264-->[:image_picker_android] AndroidManifest.xml:15:17-72
265        </provider>
266
267        <activity
267-->[:url_launcher_android] AndroidManifest.xml:8:9-11:74
268            android:name="io.flutter.plugins.urllauncher.WebViewActivity"
268-->[:url_launcher_android] AndroidManifest.xml:9:13-74
269            android:exported="false"
269-->[:url_launcher_android] AndroidManifest.xml:10:13-37
270            android:theme="@android:style/Theme.NoTitleBar.Fullscreen" />
270-->[:url_launcher_android] AndroidManifest.xml:11:13-71
271        <activity
271-->[com.google.android.gms:play-services-auth:19.2.0] AndroidManifest.xml:23:9-27:75
272            android:name="com.google.android.gms.auth.api.signin.internal.SignInHubActivity"
272-->[com.google.android.gms:play-services-auth:19.2.0] AndroidManifest.xml:24:13-93
273            android:excludeFromRecents="true"
273-->[com.google.android.gms:play-services-auth:19.2.0] AndroidManifest.xml:25:13-46
274            android:exported="false"
274-->[com.google.android.gms:play-services-auth:19.2.0] AndroidManifest.xml:26:13-37
275            android:theme="@android:style/Theme.Translucent.NoTitleBar" />
275-->[com.google.android.gms:play-services-auth:19.2.0] AndroidManifest.xml:27:13-72
276        <!--
277            Service handling Google Sign-In user revocation. For apps that do not integrate with
278            Google Sign-In, this service will never be started.
279        -->
280        <service
280-->[com.google.android.gms:play-services-auth:19.2.0] AndroidManifest.xml:33:9-37:51
281            android:name="com.google.android.gms.auth.api.signin.RevocationBoundService"
281-->[com.google.android.gms:play-services-auth:19.2.0] AndroidManifest.xml:34:13-89
282            android:exported="true"
282-->[com.google.android.gms:play-services-auth:19.2.0] AndroidManifest.xml:35:13-36
283            android:permission="com.google.android.gms.auth.api.signin.permission.REVOCATION_NOTIFICATION"
283-->[com.google.android.gms:play-services-auth:19.2.0] AndroidManifest.xml:36:13-107
284            android:visibleToInstantApps="true" /> <!-- Needs to be explicitly declared on P+ -->